<?xml version="1.0" encoding="UTF-8"?>
<testng-results skipped="0" failed="0" ignored="0" total="1" passed="1">
  <reporter-output>
  </reporter-output>
  <suite name="Default suite" duration-ms="28584" started-at="2020-04-20T13:27:16 CDT" finished-at="2020-04-20T13:27:45 CDT">
    <groups>
    </groups>
    <test name="Default test" duration-ms="28584" started-at="2020-04-20T13:27:16 CDT" finished-at="2020-04-20T13:27:45 CDT">
      <class name="king.app">
        <test-method status="PASS" signature="openbrowser()[pri:0, instance:king.app@2b552920]" name="openbrowser" is-config="true" duration-ms="28485" started-at="2020-04-20T13:27:16 CDT" finished-at="2020-04-20T13:27:45 CDT">
          <reporter-output>
          </reporter-output>
        </test-method> <!-- openbrowser -->
        <test-method status="PASS" signature="closeBrowser()[pri:0, instance:king.app@2b552920]" name="closeBrowser" duration-ms="12" started-at="2020-04-20T13:27:45 CDT" finished-at="2020-04-20T13:27:45 CDT">
          <reporter-output>
          </reporter-output>
        </test-method> <!-- closeBrowser -->
        <test-method status="PASS" signature="closeBrowser()[pri:0, instance:king.app@2b552920]" name="closeBrowser" is-config="true" duration-ms="0" started-at="2020-04-20T13:27:45 CDT" finished-at="2020-04-20T13:27:45 CDT">
          <reporter-output>
          </reporter-output>
        </test-method> <!-- closeBrowser -->
      </class> <!-- king.app -->
    </test> <!-- Default test -->
  </suite> <!-- Default suite -->
</testng-results>
